<?xml version="1.0" encoding="UTF-8"?>
<!-- Generated by org.testng.reporters.JUnitXMLReporter -->
<testsuite ignored="0" hostname="Sais-MacBook-Air.local" failures="0" tests="6" name="Test" time="6.369" errors="0" timestamp="2021-02-25T15:33:52 EST">
  <testcase classname="Tests.TC_01_GetUser" name="CheckResponseBody" time="0.025"/>
  <testcase classname="Tests.TC_01_GetUser" name="CheckResponseTime" time="0.002"/>
  <testcase classname="Tests.TC_01_GetUser" name="CheckStatusCode" time="0.006"/>
  <testcase classname="Tests.TC_02_PostUser" name="CheckContentBody" time="0.002"/>
  <testcase classname="Tests.TC_02_PostUser" name="CheckStatusCode" time="0.001"/>
  <testcase classname="Tests.TC_03_PutUser" name="StatusCodeCheck" time="0.002"/>
</testsuite> <!-- Test -->
