<?xml version="1.0" encoding="UTF-8"?>
<!-- Generated by org.testng.reporters.JUnitXMLReporter -->
<testsuite ignored="0" hostname="Sais-MacBook-Air.local" failures="0" tests="6" name="Test" time="3.333" errors="0" timestamp="25 Feb. 2021 21:31:42 GMT">
  <testcase classname="Tests.TC_01_GetUser" name="CheckResponseBody" time="0.012"/>
  <testcase classname="Tests.TC_01_GetUser" name="CheckResponseTime" time="0.001"/>
  <testcase classname="Tests.TC_01_GetUser" name="CheckStatusCode" time="0.0"/>
  <testcase classname="Tests.TC_02_PostUser" name="CheckContentBody" time="0.001"/>
  <testcase classname="Tests.TC_02_PostUser" name="CheckStatusCode" time="0.0"/>
  <testcase classname="Tests.TC_03_PutUser" name="StatusCodeCheck" time="0.0"/>
</testsuite> <!-- Test -->
