<?xml version="1.0" encoding="UTF-8"?>
<testng-results ignored="0" total="6" passed="6" failed="0" skipped="0">
  <reporter-output>
  </reporter-output>
  <suite started-at="2021-02-25T21:31:38Z" name="Suite" finished-at="2021-02-25T21:31:42Z" duration-ms="3333">
    <groups>
    </groups>
    <test started-at="2021-02-25T21:31:38Z" name="Test" finished-at="2021-02-25T21:31:42Z" duration-ms="3333">
      <class name="Tests.TC_01_GetUser">
        <test-method is-config="true" signature="before_test()[pri:0, instance:Tests.TC_01_GetUser@4da855dd]" started-at="2021-02-25T21:31:38Z" name="before_test" finished-at="2021-02-25T21:31:41Z" duration-ms="2620" status="PASS">
          <reporter-output>
          </reporter-output>
        </test-method> <!-- before_test -->
        <test-method is-config="true" signature="createUser()[pri:0, instance:Tests.TC_02_PostUser@6691490c]" started-at="2021-02-25T21:31:41Z" name="createUser" finished-at="2021-02-25T21:31:41Z" duration-ms="342" status="PASS">
          <reporter-output>
          </reporter-output>
        </test-method> <!-- createUser -->
        <test-method is-config="true" signature="createUser()[pri:0, instance:Tests.TC_03_PutUser@2187fff7]" started-at="2021-02-25T21:31:41Z" name="createUser" finished-at="2021-02-25T21:31:42Z" duration-ms="344" status="PASS">
          <reporter-output>
          </reporter-output>
        </test-method> <!-- createUser -->
        <test-method signature="CheckResponseBody()[pri:0, instance:Tests.TC_01_GetUser@4da855dd]" started-at="2021-02-25T21:31:42Z" name="CheckResponseBody" finished-at="2021-02-25T21:31:42Z" duration-ms="12" status="PASS">
          <reporter-output>
          </reporter-output>
        </test-method> <!-- CheckResponseBody -->
        <test-method signature="CheckResponseTime()[pri:0, instance:Tests.TC_01_GetUser@4da855dd]" started-at="2021-02-25T21:31:42Z" name="CheckResponseTime" finished-at="2021-02-25T21:31:42Z" duration-ms="1" status="PASS">
          <reporter-output>
          </reporter-output>
        </test-method> <!-- CheckResponseTime -->
        <test-method signature="CheckStatusCode()[pri:0, instance:Tests.TC_01_GetUser@4da855dd]" started-at="2021-02-25T21:31:42Z" name="CheckStatusCode" finished-at="2021-02-25T21:31:42Z" duration-ms="0" status="PASS">
          <reporter-output>
          </reporter-output>
        </test-method> <!-- CheckStatusCode -->
      </class> <!-- Tests.TC_01_GetUser -->
      <class name="Tests.TC_02_PostUser">
        <test-method signature="CheckContentBody()[pri:0, instance:Tests.TC_02_PostUser@6691490c]" started-at="2021-02-25T21:31:42Z" name="CheckContentBody" finished-at="2021-02-25T21:31:42Z" duration-ms="1" status="PASS">
          <reporter-output>
          </reporter-output>
        </test-method> <!-- CheckContentBody -->
        <test-method signature="CheckStatusCode()[pri:0, instance:Tests.TC_02_PostUser@6691490c]" started-at="2021-02-25T21:31:42Z" name="CheckStatusCode" finished-at="2021-02-25T21:31:42Z" duration-ms="0" status="PASS">
          <reporter-output>
          </reporter-output>
        </test-method> <!-- CheckStatusCode -->
      </class> <!-- Tests.TC_02_PostUser -->
      <class name="Tests.TC_03_PutUser">
        <test-method signature="StatusCodeCheck()[pri:0, instance:Tests.TC_03_PutUser@2187fff7]" started-at="2021-02-25T21:31:42Z" name="StatusCodeCheck" finished-at="2021-02-25T21:31:42Z" duration-ms="0" status="PASS">
          <reporter-output>
          </reporter-output>
        </test-method> <!-- StatusCodeCheck -->
      </class> <!-- Tests.TC_03_PutUser -->
    </test> <!-- Test -->
  </suite> <!-- Suite -->
</testng-results>
