<?xml version="1.0" encoding="UTF-8"?>
<testsuite xmlns:xsi="http://www.w3.org/2001/XMLSchema-instance" xsi:noNamespaceSchemaLocation="https://maven.apache.org/surefire/maven-surefire-plugin/xsd/surefire-test-report.xsd" name="TestSuite" time="4.167" tests="6" errors="0" skipped="0" failures="0">
  <properties>
[...]
</properties>
  <testcase name="CheckResponseBody" classname="Tests.TC_01_GetUser" time="0.012"/>
  <testcase name="CheckResponseTime" classname="Tests.TC_01_GetUser" time="0"/>
  <testcase name="CheckStatusCode" classname="Tests.TC_01_GetUser" time="0"/>
  <testcase name="CheckContentBody" classname="Tests.TC_02_PostUser" time="0.001"/>
  <testcase name="CheckStatusCode" classname="Tests.TC_02_PostUser" time="0"/>
  <testcase name="StatusCodeCheck" classname="Tests.TC_03_PutUser" time="0.001"/>
</testsuite>